STEP to UG
! INFO-     NX STEP AP214 - V1899
! INFO-      
! INFO-     Start of Translation: 28-MAY-2023  6:51:03 PM
! INFO-      
! STATUS-   Converting Part: C:\ProyectoAPM\NX\steps\Barriers12.step
! SUMMARY-   
! SUMMARY-    STEP Header Information
! SUMMARY-   
! SUMMARY-  Description      Unknown
! SUMMARY-  Imp_Level        2;1
! SUMMARY-  File_Name        Barriers12.step
! SUMMARY-  Date             2023-05-28T18:50:42-05:00
! SUMMARY-  Author           Unknown
! SUMMARY-  Organization     Unknown
! SUMMARY-  Pre_Version      ST-DEVELOPER v19.2
! SUMMARY-  Orig_System      Autodesk Translation Framework v12.4.0.73
! SUMMARY-  Authorization    Unknown
! SUMMARY-  Schema_ID        automotive_design
! SUMMARY-   
! SUMMARY-    Summary of STEP Entities
! SUMMARY-   
! SUMMARY-  Entity Type                                                   Count
! SUMMARY-  -----------                                                   ------
! SUMMARY-  advanced_face ..............................................:     80
! SUMMARY-  application_context ........................................:      1
! SUMMARY-  axis2_placement_3d .........................................:    129
! SUMMARY-  cartesian_point ............................................:    401
! SUMMARY-  circle .....................................................:     48
! SUMMARY-  closed_shell ...............................................:      8
! SUMMARY-  cylindrical_surface ........................................:     24
! SUMMARY-  direction ..................................................:    402
! SUMMARY-  edge_curve .................................................:    192
! SUMMARY-  edge_loop ..................................................:     80
! SUMMARY-  face_outer_bound ...........................................:     80
! SUMMARY-  geometric_representation_context_and_global_uncertainty_a ..:      2
! SUMMARY-  length_unit_and_si_unit ....................................:      1
! SUMMARY-  line .......................................................:    144
! SUMMARY-  manifold_solid_brep ........................................:      8
! SUMMARY-  oriented_edge ..............................................:    384
! SUMMARY-  plane ......................................................:     56
! SUMMARY-  plane_angle_unit_and_si_unit ...............................:      1
! SUMMARY-  product ....................................................:      1
! SUMMARY-  product_context ............................................:      1
! SUMMARY-  product_definition .........................................:      1
! SUMMARY-  product_definition_context .................................:      1
! SUMMARY-  product_definition_formation ...............................:      1
! SUMMARY-  product_definition_shape ...................................:      1
! SUMMARY-  product_related_product_category ...........................:      1
! SUMMARY-  si_unit_and_solid_angle_unit ...............................:      1
! SUMMARY-  uncertainty_measure_with_unit ..............................:      2
! SUMMARY-  vector .....................................................:    144
! SUMMARY-  vertex_point ...............................................:    128
! SUMMARY-                                                               -------
! SUMMARY-  Total                                                           2323
! STATUS-    
! STATUS-   Converting to Output Form (Phase 2 of 3): 28-MAY-2023 6:51:03 PM
! STATUS-    
! STATUS-    
! STATUS-   Generating UG geometry and placing them in parts
! STATUS-    
! STATUS-   Creating the UG part (Phase 3 of 3): 28-MAY-2023  6:51:03 PM
! INFO-     Filing Part ..: C:\ProyectoAPM\NX\Barriers12.prt
! SUMMARY-   
! SUMMARY-  Summary of Unigraphics Part Entities
! SUMMARY-   
! SUMMARY-  Entities Processed             Count
! SUMMARY-  ------------------             -----
! SUMMARY-  Solid .......................:     8
! SUMMARY-                                 -----
! SUMMARY-  Total                              8
! INFO-      
! INFO-     Total number of solids input for this translation       :         8
! INFO-      
! INFO-     Number of solids created without body validation faults :         8
! INFO-      
! INFO-     Number of solids created with body validation fault(s)  :         0
! INFO-      
! INFO-     Number of solids ending up as sheet bodies              :         0
! INFO-      
! INFO-     End of Translation: 28-MAY-2023  6:51:03 PM
! INFO-      
