STEP to UG
! INFO-     NX STEP AP214 - V1899
! INFO-      
! INFO-     Start of Translation: 27-MAY-2023  7:31:34 PM
! INFO-      
! STATUS-   Converting Part: C:\ProyectoAPM\NX\steps\Barriers6.step
! SUMMARY-   
! SUMMARY-    STEP Header Information
! SUMMARY-   
! SUMMARY-  Description      Unknown
! SUMMARY-  Imp_Level        2;1
! SUMMARY-  File_Name        Barriers6.step
! SUMMARY-  Date             2023-05-27T19:30:47-05:00
! SUMMARY-  Author           Unknown
! SUMMARY-  Organization     Unknown
! SUMMARY-  Pre_Version      ST-DEVELOPER v19.2
! SUMMARY-  Orig_System      Autodesk Translation Framework v12.4.0.73
! SUMMARY-  Authorization    Unknown
! SUMMARY-  Schema_ID        automotive_design
! SUMMARY-   
! SUMMARY-    Summary of STEP Entities
! SUMMARY-   
! SUMMARY-  Entity Type                                                   Count
! SUMMARY-  -----------                                                   ------
! SUMMARY-  advanced_face ..............................................:     26
! SUMMARY-  application_context ........................................:      1
! SUMMARY-  axis2_placement_3d .........................................:     39
! SUMMARY-  cartesian_point ............................................:    117
! SUMMARY-  circle .....................................................:     12
! SUMMARY-  closed_shell ...............................................:      4
! SUMMARY-  cylindrical_surface ........................................:      6
! SUMMARY-  direction ..................................................:    120
! SUMMARY-  edge_curve .................................................:     54
! SUMMARY-  edge_loop ..................................................:     26
! SUMMARY-  face_outer_bound ...........................................:     26
! SUMMARY-  geometric_representation_context_and_global_uncertainty_a ..:      2
! SUMMARY-  length_unit_and_si_unit ....................................:      1
! SUMMARY-  line .......................................................:     42
! SUMMARY-  manifold_solid_brep ........................................:      4
! SUMMARY-  oriented_edge ..............................................:    108
! SUMMARY-  plane ......................................................:     20
! SUMMARY-  plane_angle_unit_and_si_unit ...............................:      1
! SUMMARY-  product ....................................................:      1
! SUMMARY-  product_context ............................................:      1
! SUMMARY-  product_definition .........................................:      1
! SUMMARY-  product_definition_context .................................:      1
! SUMMARY-  product_definition_formation ...............................:      1
! SUMMARY-  product_definition_shape ...................................:      1
! SUMMARY-  product_related_product_category ...........................:      1
! SUMMARY-  si_unit_and_solid_angle_unit ...............................:      1
! SUMMARY-  uncertainty_measure_with_unit ..............................:      2
! SUMMARY-  vector .....................................................:     42
! SUMMARY-  vertex_point ...............................................:     36
! SUMMARY-                                                               -------
! SUMMARY-  Total                                                            697
! STATUS-    
! STATUS-   Converting to Output Form (Phase 2 of 3): 27-MAY-2023 7:31:34 PM
! STATUS-    
! STATUS-    
! STATUS-   Generating UG geometry and placing them in parts
! STATUS-    
! STATUS-   Creating the UG part (Phase 3 of 3): 27-MAY-2023  7:31:34 PM
! INFO-     Filing Part ..: C:\ProyectoAPM\NX\Barriers6.prt
! SUMMARY-   
! SUMMARY-  Summary of Unigraphics Part Entities
! SUMMARY-   
! SUMMARY-  Entities Processed             Count
! SUMMARY-  ------------------             -----
! SUMMARY-  Solid .......................:     4
! SUMMARY-                                 -----
! SUMMARY-  Total                              4
! INFO-      
! INFO-     Total number of solids input for this translation       :         4
! INFO-      
! INFO-     Number of solids created without body validation faults :         4
! INFO-      
! INFO-     Number of solids created with body validation fault(s)  :         0
! INFO-      
! INFO-     Number of solids ending up as sheet bodies              :         0
! INFO-      
! INFO-     End of Translation: 27-MAY-2023  7:31:34 PM
! INFO-      
