STEP to UG
! INFO-     NX STEP AP214 - V1899
! INFO-      
! INFO-     Start of Translation: 29-MAY-2023  5:59:38 PM
! INFO-      
! STATUS-   Converting Part: C:\ProyectoAPM\NX\steps\Template4_Void.step
! SUMMARY-   
! SUMMARY-    STEP Header Information
! SUMMARY-   
! SUMMARY-  Description      Unknown
! SUMMARY-  Imp_Level        2;1
! SUMMARY-  File_Name        Template4_Void.step
! SUMMARY-  Date             2023-05-29T01:51:07-05:00
! SUMMARY-  Author           Unknown
! SUMMARY-  Organization     Unknown
! SUMMARY-  Pre_Version      ST-DEVELOPER v19.2
! SUMMARY-  Orig_System      Autodesk Translation Framework v12.4.0.73
! SUMMARY-  Authorization    Unknown
! SUMMARY-  Schema_ID        automotive_design
! SUMMARY-   
! SUMMARY-    Summary of STEP Entities
! SUMMARY-   
! SUMMARY-  Entity Type                                                   Count
! SUMMARY-  -----------                                                   ------
! SUMMARY-  advanced_face ..............................................:   1032
! SUMMARY-  application_context ........................................:      1
! SUMMARY-  axis2_placement_3d .........................................:   1764
! SUMMARY-  brep_with_voids ............................................:      4
! SUMMARY-  cartesian_point ............................................:   5104
! SUMMARY-  circle .....................................................:    698
! SUMMARY-  closed_shell ...............................................:     61
! SUMMARY-  conical_surface ............................................:     16
! SUMMARY-  context_dependent_shape_representation .....................:      8
! SUMMARY-  cylindrical_surface ........................................:    344
! SUMMARY-  direction ..................................................:   5260
! SUMMARY-  edge_curve .................................................:   2446
! SUMMARY-  edge_loop ..................................................:   1550
! SUMMARY-  ellipse ....................................................:     16
! SUMMARY-  face_bound .................................................:    518
! SUMMARY-  face_outer_bound ...........................................:   1032
! SUMMARY-  geometric_representation_context_and_global_uncertainty_a ..:     10
! SUMMARY-  item_defined_transformation ................................:      8
! SUMMARY-  length_unit_and_si_unit ....................................:      1
! SUMMARY-  line .......................................................:   1732
! SUMMARY-  manifold_solid_brep ........................................:     53
! SUMMARY-  next_assembly_usage_occurrence .............................:      8
! SUMMARY-  oriented_closed_shell ......................................:      4
! SUMMARY-  oriented_edge ..............................................:   4892
! SUMMARY-  plane ......................................................:    672
! SUMMARY-  plane_angle_unit_and_si_unit ...............................:      1
! SUMMARY-  product ....................................................:      9
! SUMMARY-  product_context ............................................:      1
! SUMMARY-  product_definition .........................................:      9
! SUMMARY-  product_definition_context .................................:      1
! SUMMARY-  product_definition_formation ...............................:      9
! SUMMARY-  product_definition_shape ...................................:     17
! SUMMARY-  product_related_product_category ...........................:      9
! SUMMARY-  representation_relationship_with_transformation_and_shape ..:      8
! SUMMARY-  shape_representation .......................................:      9
! SUMMARY-  si_unit_and_solid_angle_unit ...............................:      1
! SUMMARY-  uncertainty_measure_with_unit ..............................:     10
! SUMMARY-  vector .....................................................:   1732
! SUMMARY-  vertex_point ...............................................:   1608
! SUMMARY-                                                               -------
! SUMMARY-  Total                                                          30658
! STATUS-    
! STATUS-   Converting to Output Form (Phase 2 of 3): 29-MAY-2023 5:59:38 PM
! STATUS-    
! STATUS-    
! STATUS-   Generating UG geometry and placing them in parts
! STATUS-    
! STATUS-   Creating the UG part (Phase 3 of 3): 29-MAY-2023  5:59:38 PM
! INFO-     Filing Part ..: C:\ProyectoAPM\NX\Template4_Void.prt
! SUMMARY-   
! SUMMARY-  Summary of Unigraphics Part Entities
! SUMMARY-   
! SUMMARY-  Entities Processed             Count
! SUMMARY-  ------------------             -----
! SUMMARY-  Component ...................:     4
! SUMMARY-                                 -----
! SUMMARY-  Total                              4
! INFO-      
! INFO-     Total number of solids input for this translation       :         0
! INFO-      
! INFO-     Number of solids created without body validation faults :         0
! INFO-      
! INFO-     Number of solids created with body validation fault(s)  :         0
! INFO-      
! INFO-     Number of solids ending up as sheet bodies              :         0
! INFO-      
! INFO-     End of Translation: 29-MAY-2023  5:59:38 PM
! INFO-      
